<?xml version="1.0" encoding="UTF-8"?>
<!-- Generated by org.testng.reporters.JUnitXMLReporter -->
<testsuite hostname="DESKTOP-NG6L080" ignored="0" name="Test" tests="16" failures="0" timestamp="2021-12-10T14:56:11 EST" time="210.883" errors="0">
  <testcase name="Pencilicon_firstnameTest" time="7.857" classname="com.testCases.JMB_CA_MyProf_010"/>
  <testcase name="Phoneno_negative" time="6.698" classname="com.testCases.JMB_CA_MyProf_013"/>
  <testcase name="Homebuttontest" time="7.196" classname="com.testCases.JMB_CA_MyProf_002"/>
  <testcase name="TC004HeaderJobstest" time="7.974" classname="com.testCases.JMB_CA_MyProf_006$TC004HeaderJobsTest"/>
  <testcase name="jMB_CA_MyProf_012" time="9.408" classname="com.testCases.JMB_CA_MyProf_012"/>
  <testcase name="TC003Profilescreen" time="6.48" classname="com.testCases.JMB_CA_MyProf_001"/>
  <testcase name="TC005HeaderCompanytest" time="10.739" classname="com.testCases.JMB_CA_MyProf_004"/>
  <testcase name="JMB_CA_MyProf_15" time="8.52" classname="com.testCases.JMB_CA_MyProf_015"/>
  <testcase name="TC004HeaderJobstest" time="10.004" classname="com.testCases.JMB_CA_MyProf_003"/>
  <testcase name="JMB_CA_MyProf" time="8.055" classname="com.testCases.JMB_CA_MyProf_014"/>
  <testcase name="HighestExperience" time="7.829" classname="com.testCases.JMB_CA_MyProf_017"/>
  <testcase name="Logintest" time="4.96" classname="com.testCases.LoginTest"/>
  <testcase name="TC006HeaderNotificationtest" time="9.814" classname="com.testCases.JMB_CA_MyProf_005"/>
  <testcase name="Negative_experience" time="7.492" classname="com.testCases.JMB_CA_MyProf_016"/>
  <testcase name="Pencilicon_UserinfoTest" time="7.719" classname="com.testCases.JMB_CA_MyProf_008"/>
  <testcase name="TC008Headermyprofile" time="8.872" classname="com.testCases.JMB_CA_MyProf_007"/>
</testsuite> <!-- Test -->
